{
  "stats": {
    "suites": 1,
    "tests": 1,
    "passes": 0,
    "pending": 0,
    "failures": 1,
    "start": "2025-01-28T08:14:07.104Z",
    "end": "2025-01-28T08:14:18.984Z",
    "duration": 11880,
    "testsRegistered": 1,
    "passPercent": 0,
    "pendingPercent": 0,
    "other": 0,
    "hasOther": false,
    "skipped": 0,
    "hasSkipped": false
  },
  "results": [
    {
      "uuid": "cafb877f-eef3-4f65-95a1-74afe5734277",
      "title": "",
      "fullFile": "C:\\Users\\91919\\Desktop\\seleniumDemo\\test\\firstTest.js",
      "file": "\\test\\firstTest.js",
      "beforeHooks": [],
      "afterHooks": [],
      "tests": [],
      "suites": [
        {
          "uuid": "197d46ec-d1d5-4582-9f6a-d6f282099833",
          "title": "add todo tests",
          "fullFile": "C:\\Users\\91919\\Desktop\\seleniumDemo\\test\\firstTest.js",
          "file": "\\test\\firstTest.js",
          "beforeHooks": [],
          "afterHooks": [],
          "tests": [
            {
              "title": "successfully adds a todo",
              "fullTitle": "add todo tests successfully adds a todo",
              "timedOut": null,
              "duration": 10368,
              "state": "failed",
              "speed": null,
              "pass": false,
              "fail": true,
              "pending": false,
              "context": null,
              "code": "let driver = await new Builder().forBrowser(\"chrome\").build();\n\ntry {\n    await driver.get(\"https://aksingh-16.github.io/Student-Expense-Tracker/\");\n    await driver.findElement(By.id(\"name\")).sendKeys(\"New Task\", Key.RETURN);\n    \n    // Wait for element to be present\n    await driver.sleep(1000);\n    \n    const todoText = await driver.findElement(By.xpath(\"//li[last()]\")).getText();\n    \n    // Fix conflicting assertions - choose one\n    assert.strictEqual(todoText, \"Learn javascript\");\n    // OR\n    todoText.should.equal(\"Learn selenium\");\n} finally {\n    await driver.quit();\n}",
              "err": {
                "message": "UnexpectedAlertOpenError: unexpected alert open: {Alert text : Please enter valid data}\n  (Session info: chrome=132.0.6834.111)",
                "estack": "UnexpectedAlertOpenError: unexpected alert open: {Alert text : Please enter valid data}\n  (Session info: chrome=132.0.6834.111)\n    at Object.throwDecodedError (node_modules\\selenium-webdriver\\lib\\error.js:521:15)\n    at parseHttpResponse (node_modules\\selenium-webdriver\\lib\\http.js:524:13)\n    at Executor.execute (node_modules\\selenium-webdriver\\lib\\http.js:456:28)\n    at process.processTicksAndRejections (node:internal/process/task_queues:95:5)\n    at async Driver.execute (node_modules\\selenium-webdriver\\lib\\webdriver.js:745:17)\n    at async toWireValue (node_modules\\selenium-webdriver\\lib\\webdriver.js:149:15)\n    at async C:\\Users\\91919\\Desktop\\seleniumDemo\\node_modules\\selenium-webdriver\\lib\\webdriver.js:195:16\n    at async forEachKey (node_modules\\selenium-webdriver\\lib\\webdriver.js:189:9)\n    at async convertKeys (node_modules\\selenium-webdriver\\lib\\webdriver.js:194:3)\n    at async Driver.execute (node_modules\\selenium-webdriver\\lib\\webdriver.js:743:22)",
                "diff": null
              },
              "uuid": "c84cca61-61c6-4ecc-90cd-527cd2d1ac30",
              "parentUUID": null,
              "isHook": false,
              "skipped": false
            }
          ],
          "suites": [],
          "passes": [],
          "failures": [
            "c84cca61-61c6-4ecc-90cd-527cd2d1ac30"
          ],
          "pending": [],
          "skipped": [],
          "duration": 10368,
          "root": false,
          "rootEmpty": false,
          "_timeout": null
        }
      ],
      "passes": [],
      "failures": [],
      "pending": [],
      "skipped": [],
      "duration": 0,
      "root": true,
      "rootEmpty": true,
      "_timeout": 0
    }
  ],
  "meta": {
    "mocha": {
      "version": "10.8.2"
    },
    "mochawesome": {
      "options": {
        "quiet": false,
        "reportFilename": "mochawesome",
        "saveHtml": true,
        "saveJson": true,
        "consoleReporter": "spec",
        "useInlineDiffs": false,
        "code": true
      },
      "version": "7.1.3"
    },
    "marge": {
      "options": null,
      "version": "6.2.0"
    }
  }
}